
>>> Initial Syncing DB...
Found 10 existing items in DB.
[0] 20260214_155333.png       | TS: 1771059213 | Data(Char): 
[1] 20260214_155327.txt       | TS: 1771059207 | Data(Char): 6444
[2] 20260214_155149.txt       | TS: 1771059109 | Data(Char): 29689
[3] 20260214_155148.txt       | TS: 1771059108 | Data(Char): 29689
[4] 20260214_155139.png       | TS: 1771059099 | Data(Char): 
[5] 20260214_155137.txt       | TS: 1771059097 | Data(Char): 29689
[6] 20260214_155134.txt       | TS: 1771059094 | Data(Char): 
[7] 20260214_155055.txt       | TS: 1771059055 | Data(Char): 24763
[8] 20260214_155035.txt       | TS: 1771059035 | Data(Char): 
[9] 20260214_155033.txt       | TS: 1771059033 | Data(Char): ubscribeClipboardEvents: Done

>>> Testing PushItem with a dummy file...
Push success! List size now: 11
Latest Item is now: 20260214_160000.txt

>>> Testing Auto-Rescan (Deleting a file manually)...
Attempting to read deleted file (Index 0)...
Read failed as expected, DB should have been re-synced!
New List Size: 10

>>> Test Completed. Happy Valentine's Day! <<<
